2025-01-15 22:51:44.671 | INFO     | utils.utils_logger:<module>:38 - Logging to file: logs\project_log.log
2025-01-15 22:51:44.673 | INFO     | __main__:main:106 - START producer...
2025-01-15 22:51:44.673 | INFO     | __main__:main:107 - Hit CTRL c (or CMD c) to close.
2025-01-15 22:51:44.674 | INFO     | __main__:get_message_interval:53 - Messages will be sent every 3 seconds.
2025-01-15 22:51:44.675 | INFO     | __main__:main:114 - I just saw an app! It was funny.
2025-01-15 22:51:47.677 | INFO     | __main__:main:114 - I just saw a meme! It was amazing.
2025-01-15 22:51:50.678 | INFO     | __main__:main:114 - I just found a story! It was funny.
2025-01-15 22:51:53.690 | INFO     | __main__:main:114 - I just shared an app! It was funny.
2025-01-15 22:51:56.691 | INFO     | __main__:main:114 - I just shared a movie! It was funny.
2025-01-15 22:51:59.693 | INFO     | __main__:main:114 - I just shared an app! It was boring.
2025-01-15 22:52:02.694 | INFO     | __main__:main:114 - I just saw a meme! It was boring.
2025-01-15 22:52:05.696 | INFO     | __main__:main:114 - I just saw an app! It was boring.
2025-01-15 22:52:08.698 | INFO     | __main__:main:114 - I just saw a trick! It was funny.
2025-01-15 22:52:11.699 | INFO     | __main__:main:114 - I just loved a meme! It was exciting.
2025-01-15 22:52:14.701 | INFO     | __main__:main:114 - I just loved a meme! It was amazing.
2025-01-15 22:52:17.703 | INFO     | __main__:main:114 - I just found an app! It was amazing.
2025-01-15 22:52:20.704 | INFO     | __main__:main:114 - I just tried a story! It was exciting.
2025-01-15 22:52:23.706 | INFO     | __main__:main:114 - I just saw a story! It was exciting.
2025-01-15 22:52:26.707 | INFO     | __main__:main:114 - I just found a trick! It was exciting.
2025-01-15 22:52:29.709 | INFO     | __main__:main:114 - I just shared a trick! It was boring.
2025-01-15 22:52:32.710 | INFO     | __main__:main:114 - I just tried a movie! It was exciting.
2025-01-15 22:52:35.712 | INFO     | __main__:main:114 - I just found a meme! It was boring.
2025-01-15 22:52:38.713 | INFO     | __main__:main:114 - I just saw an app! It was weird.
2025-01-15 22:52:41.714 | INFO     | __main__:main:114 - I just found a meme! It was weird.
2025-01-15 22:52:44.716 | INFO     | __main__:main:114 - I just shared a story! It was amazing.
2025-01-15 22:52:47.717 | INFO     | __main__:main:114 - I just found a movie! It was amazing.
2025-01-15 22:52:50.718 | INFO     | __main__:main:114 - I just found a trick! It was boring.
2025-01-15 22:52:53.720 | INFO     | __main__:main:114 - I just tried a meme! It was funny.
2025-01-15 22:52:56.721 | INFO     | __main__:main:114 - I just found a meme! It was amazing.
2025-01-15 22:52:59.722 | INFO     | __main__:main:114 - I just shared a movie! It was amazing.
2025-01-15 22:53:02.724 | INFO     | __main__:main:114 - I just loved a story! It was exciting.
2025-01-15 22:53:05.726 | INFO     | __main__:main:114 - I just loved a trick! It was funny.
2025-01-15 22:53:08.727 | INFO     | __main__:main:114 - I just loved a trick! It was boring.
2025-01-15 22:53:11.728 | INFO     | __main__:main:114 - I just shared a trick! It was weird.
2025-01-15 22:53:14.730 | INFO     | __main__:main:114 - I just saw a movie! It was amazing.
2025-01-15 22:53:17.732 | INFO     | __main__:main:114 - I just tried a story! It was amazing.
2025-01-15 22:53:20.733 | INFO     | __main__:main:114 - I just found a meme! It was funny.
2025-01-15 22:53:23.735 | INFO     | __main__:main:114 - I just shared an app! It was amazing.
2025-01-15 22:53:26.736 | INFO     | __main__:main:114 - I just shared a movie! It was amazing.
2025-01-15 22:53:29.738 | INFO     | __main__:main:114 - I just saw an app! It was amazing.
2025-01-15 22:53:32.740 | INFO     | __main__:main:114 - I just loved a movie! It was weird.
2025-01-15 22:53:35.741 | INFO     | __main__:main:114 - I just tried a story! It was funny.
2025-01-15 22:53:38.743 | INFO     | __main__:main:114 - I just loved a story! It was exciting.
2025-01-15 22:53:41.745 | INFO     | __main__:main:114 - I just tried a movie! It was exciting.
2025-01-15 22:53:44.747 | INFO     | __main__:main:114 - I just shared a trick! It was weird.
2025-01-15 22:53:47.749 | INFO     | __main__:main:114 - I just shared a trick! It was exciting.
2025-01-15 22:53:50.750 | INFO     | __main__:main:114 - I just shared a meme! It was weird.
2025-01-15 22:53:53.752 | INFO     | __main__:main:114 - I just shared a movie! It was weird.
2025-01-15 22:53:56.753 | INFO     | __main__:main:114 - I just saw a meme! It was amazing.
2025-01-15 22:53:59.754 | INFO     | __main__:main:114 - I just found a trick! It was amazing.
2025-01-15 22:54:02.756 | INFO     | __main__:main:114 - I just found a movie! It was exciting.
2025-01-15 22:54:05.758 | INFO     | __main__:main:114 - I just saw a meme! It was boring.
2025-01-15 22:54:08.759 | INFO     | __main__:main:114 - I just found a meme! It was amazing.
2025-01-15 22:54:11.762 | INFO     | __main__:main:114 - I just saw a movie! It was weird.
2025-01-15 22:54:14.764 | INFO     | __main__:main:114 - I just shared a movie! It was funny.
2025-01-15 22:54:17.765 | INFO     | __main__:main:114 - I just tried an app! It was boring.
2025-01-15 22:54:20.768 | INFO     | __main__:main:114 - I just shared an app! It was weird.
2025-01-15 22:54:23.769 | INFO     | __main__:main:114 - I just loved an app! It was funny.
2025-01-15 22:54:26.771 | INFO     | __main__:main:114 - I just loved a story! It was amazing.
2025-01-15 22:54:29.772 | INFO     | __main__:main:114 - I just saw a movie! It was boring.
2025-01-15 22:54:32.774 | INFO     | __main__:main:114 - I just found a trick! It was amazing.
2025-01-15 22:54:35.778 | INFO     | __main__:main:114 - I just found a movie! It was boring.
2025-01-15 22:54:38.779 | INFO     | __main__:main:114 - I just tried a story! It was funny.
2025-01-15 22:54:41.781 | INFO     | __main__:main:114 - I just found a trick! It was boring.
2025-01-15 22:54:44.783 | INFO     | __main__:main:114 - I just shared a trick! It was exciting.
2025-01-15 22:54:47.784 | INFO     | __main__:main:114 - I just found an app! It was funny.
2025-01-15 22:54:50.786 | INFO     | __main__:main:114 - I just tried a meme! It was funny.
2025-01-15 22:54:53.787 | INFO     | __main__:main:114 - I just saw a movie! It was boring.
2025-01-15 22:54:56.795 | INFO     | __main__:main:114 - I just saw a trick! It was exciting.
2025-01-15 22:54:59.797 | INFO     | __main__:main:114 - I just loved an app! It was exciting.
2025-01-15 22:55:02.798 | INFO     | __main__:main:114 - I just found a trick! It was weird.
2025-01-15 22:55:05.800 | INFO     | __main__:main:114 - I just saw a trick! It was weird.
2025-01-15 22:55:08.802 | INFO     | __main__:main:114 - I just tried an app! It was amazing.
2025-01-15 22:55:11.803 | INFO     | __main__:main:114 - I just tried a story! It was funny.
2025-01-15 22:55:14.804 | INFO     | __main__:main:114 - I just shared a meme! It was weird.
2025-01-15 22:55:17.806 | INFO     | __main__:main:114 - I just shared a story! It was weird.
2025-01-15 22:55:20.808 | INFO     | __main__:main:114 - I just found a story! It was weird.
2025-01-15 22:55:23.809 | INFO     | __main__:main:114 - I just found an app! It was amazing.
2025-01-15 22:55:26.810 | INFO     | __main__:main:114 - I just loved a story! It was boring.
2025-01-15 22:55:29.811 | INFO     | __main__:main:114 - I just tried a story! It was weird.
2025-01-15 22:55:32.813 | INFO     | __main__:main:114 - I just found an app! It was exciting.
2025-01-15 22:55:35.815 | INFO     | __main__:main:114 - I just saw a meme! It was boring.
2025-01-15 22:55:38.816 | INFO     | __main__:main:114 - I just shared a story! It was boring.
2025-01-15 22:55:41.817 | INFO     | __main__:main:114 - I just loved a meme! It was funny.
2025-01-15 22:55:44.819 | INFO     | __main__:main:114 - I just loved a movie! It was funny.
2025-01-15 22:55:47.820 | INFO     | __main__:main:114 - I just tried a meme! It was weird.
2025-01-15 22:55:50.822 | INFO     | __main__:main:114 - I just saw a movie! It was amazing.
2025-01-15 22:55:53.824 | INFO     | __main__:main:114 - I just loved an app! It was weird.
2025-01-15 22:55:56.825 | INFO     | __main__:main:114 - I just shared a story! It was weird.
2025-01-15 22:55:59.827 | INFO     | __main__:main:114 - I just shared a movie! It was exciting.
2025-01-15 22:56:02.828 | INFO     | __main__:main:114 - I just tried a movie! It was exciting.
2025-01-15 22:56:05.830 | INFO     | __main__:main:114 - I just loved a trick! It was weird.
2025-01-15 22:56:08.832 | INFO     | __main__:main:114 - I just found a story! It was amazing.
2025-01-15 22:56:11.833 | INFO     | __main__:main:114 - I just loved a story! It was exciting.
2025-01-15 22:56:14.835 | INFO     | __main__:main:114 - I just shared a movie! It was weird.
2025-01-15 22:56:17.836 | INFO     | __main__:main:114 - I just shared an app! It was boring.
2025-01-15 22:56:20.838 | INFO     | __main__:main:114 - I just saw a trick! It was exciting.
2025-01-15 22:56:23.839 | INFO     | __main__:main:114 - I just found an app! It was weird.
2025-01-15 22:56:26.843 | INFO     | __main__:main:114 - I just tried a story! It was funny.
2025-01-15 22:56:29.845 | INFO     | __main__:main:114 - I just loved a story! It was exciting.
2025-01-15 22:56:32.848 | INFO     | __main__:main:114 - I just saw a movie! It was amazing.
2025-01-15 22:56:35.850 | INFO     | __main__:main:114 - I just found an app! It was weird.
2025-01-15 22:56:38.853 | INFO     | __main__:main:114 - I just found a trick! It was exciting.
2025-01-15 22:56:41.855 | INFO     | __main__:main:114 - I just saw a trick! It was exciting.
2025-01-15 22:56:44.857 | INFO     | __main__:main:114 - I just loved a movie! It was funny.
2025-01-15 22:56:47.859 | INFO     | __main__:main:114 - I just found an app! It was exciting.
2025-01-15 22:56:50.862 | INFO     | __main__:main:114 - I just found a trick! It was weird.
2025-01-15 22:56:53.863 | INFO     | __main__:main:114 - I just loved a movie! It was amazing.
2025-01-15 22:56:56.865 | INFO     | __main__:main:114 - I just loved a movie! It was exciting.
2025-01-15 22:56:59.867 | INFO     | __main__:main:114 - I just tried a movie! It was boring.
2025-01-15 22:57:02.868 | INFO     | __main__:main:114 - I just loved a trick! It was boring.
2025-01-15 22:57:05.870 | INFO     | __main__:main:114 - I just found an app! It was funny.
2025-01-15 22:57:08.872 | INFO     | __main__:main:114 - I just tried a movie! It was weird.
2025-01-15 22:57:11.873 | INFO     | __main__:main:114 - I just found a meme! It was boring.
2025-01-15 22:57:14.875 | INFO     | __main__:main:114 - I just saw an app! It was exciting.
2025-01-15 22:57:17.875 | INFO     | __main__:main:114 - I just shared an app! It was weird.
2025-01-15 22:57:20.059 | INFO     | utils.utils_logger:<module>:38 - Logging to file: logs\project_log.log
2025-01-15 22:57:20.059 | INFO     | __main__:main:68 - START...
2025-01-15 22:57:20.060 | INFO     | __main__:main:74 - Reading file located at logs\project_log.log.
2025-01-15 22:57:20.877 | INFO     | __main__:main:114 - I just found a trick! It was exciting.
2025-01-15 22:57:23.878 | INFO     | __main__:main:114 - I just found a trick! It was weird.
2025-01-15 22:57:26.880 | INFO     | __main__:main:114 - I just saw a trick! It was boring.
2025-01-15 22:57:29.881 | INFO     | __main__:main:114 - I just saw an app! It was funny.
2025-01-15 22:57:32.882 | INFO     | __main__:main:114 - I just saw a trick! It was boring.
2025-01-15 22:57:35.884 | INFO     | __main__:main:114 - I just loved a meme! It was boring.
2025-01-15 22:57:38.885 | INFO     | __main__:main:114 - I just found a meme! It was funny.
2025-01-15 22:57:41.888 | INFO     | __main__:main:114 - I just shared a meme! It was amazing.
2025-01-15 22:57:44.889 | INFO     | __main__:main:114 - I just shared a story! It was exciting.
2025-01-15 22:57:47.891 | INFO     | __main__:main:114 - I just found a meme! It was weird.
2025-01-15 22:57:50.893 | INFO     | __main__:main:114 - I just found a meme! It was boring.
2025-01-15 22:57:53.894 | INFO     | __main__:main:114 - I just tried a meme! It was boring.
2025-01-15 22:57:56.896 | INFO     | __main__:main:114 - I just shared a trick! It was amazing.
2025-01-15 22:57:59.898 | INFO     | __main__:main:114 - I just tried a meme! It was amazing.
2025-01-15 22:58:02.900 | INFO     | __main__:main:114 - I just loved an app! It was exciting.
2025-01-15 22:58:05.902 | INFO     | __main__:main:114 - I just saw a story! It was amazing.
2025-01-15 22:58:08.903 | INFO     | __main__:main:114 - I just tried a trick! It was exciting.
2025-01-15 22:58:11.904 | INFO     | __main__:main:114 - I just saw a story! It was funny.
2025-01-15 22:58:14.906 | INFO     | __main__:main:114 - I just saw a meme! It was boring.
2025-01-15 22:58:17.907 | INFO     | __main__:main:114 - I just shared a trick! It was funny.
2025-01-15 22:58:20.909 | INFO     | __main__:main:114 - I just shared a story! It was exciting.
2025-01-15 22:58:23.910 | INFO     | __main__:main:114 - I just found a trick! It was funny.
2025-01-15 22:58:26.912 | INFO     | __main__:main:114 - I just tried a trick! It was weird.
2025-01-15 22:58:29.914 | INFO     | __main__:main:114 - I just shared a trick! It was weird.
2025-01-15 22:58:32.916 | INFO     | __main__:main:114 - I just found a trick! It was exciting.
2025-01-15 22:58:35.918 | INFO     | __main__:main:114 - I just tried an app! It was funny.
2025-01-15 22:58:38.919 | INFO     | __main__:main:114 - I just tried an app! It was exciting.
2025-01-15 22:58:41.921 | INFO     | __main__:main:114 - I just loved an app! It was boring.
2025-01-15 22:58:44.923 | INFO     | __main__:main:114 - I just saw an app! It was boring.
2025-01-15 22:58:47.924 | INFO     | __main__:main:114 - I just saw a movie! It was funny.
2025-01-15 22:58:50.926 | INFO     | __main__:main:114 - I just shared a movie! It was weird.
2025-01-15 22:58:53.928 | INFO     | __main__:main:114 - I just saw a trick! It was funny.
2025-01-15 22:58:56.937 | INFO     | __main__:main:114 - I just tried an app! It was amazing.
2025-01-15 22:58:59.938 | INFO     | __main__:main:114 - I just saw a movie! It was boring.
2025-01-15 22:59:02.940 | INFO     | __main__:main:114 - I just tried a movie! It was amazing.
2025-01-15 22:59:05.941 | INFO     | __main__:main:114 - I just tried a story! It was funny.
2025-01-15 22:59:08.943 | INFO     | __main__:main:114 - I just saw an app! It was weird.
2025-01-15 22:59:11.945 | INFO     | __main__:main:114 - I just shared a story! It was amazing.
2025-01-15 22:59:14.947 | INFO     | __main__:main:114 - I just loved a movie! It was weird.
2025-01-15 22:59:17.949 | INFO     | __main__:main:114 - I just shared a meme! It was exciting.
2025-01-15 22:59:20.952 | INFO     | __main__:main:114 - I just saw a meme! It was exciting.
2025-01-15 22:59:23.954 | INFO     | __main__:main:114 - I just tried a trick! It was boring.
2025-01-15 22:59:26.955 | INFO     | __main__:main:114 - I just loved a trick! It was boring.
2025-01-15 22:59:29.957 | INFO     | __main__:main:114 - I just shared a movie! It was amazing.
2025-01-15 22:59:32.959 | INFO     | __main__:main:114 - I just shared a story! It was funny.
2025-01-15 22:59:35.961 | INFO     | __main__:main:114 - I just loved a trick! It was funny.
2025-01-15 22:59:38.962 | INFO     | __main__:main:114 - I just found a story! It was weird.
2025-01-15 22:59:41.964 | INFO     | __main__:main:114 - I just shared a meme! It was weird.
2025-01-15 22:59:44.966 | INFO     | __main__:main:114 - I just tried an app! It was exciting.
2025-01-15 22:59:47.968 | INFO     | __main__:main:114 - I just loved a trick! It was boring.
2025-01-15 22:59:50.969 | INFO     | __main__:main:114 - I just shared a story! It was boring.
2025-01-15 22:59:53.970 | INFO     | __main__:main:114 - I just loved an app! It was amazing.
2025-01-15 22:59:56.971 | INFO     | __main__:main:114 - I just found a meme! It was amazing.
2025-01-15 22:59:59.973 | INFO     | __main__:main:114 - I just found a meme! It was weird.
2025-01-15 23:00:02.975 | INFO     | __main__:main:114 - I just tried a movie! It was weird.
2025-01-15 23:00:05.976 | INFO     | __main__:main:114 - I just tried a movie! It was boring.
2025-01-15 23:00:08.978 | INFO     | __main__:main:114 - I just shared a trick! It was funny.
2025-01-15 23:00:11.979 | INFO     | __main__:main:114 - I just loved a movie! It was exciting.
2025-01-15 23:00:14.981 | INFO     | __main__:main:114 - I just shared an app! It was exciting.
2025-01-15 23:00:17.984 | INFO     | __main__:main:114 - I just saw a movie! It was amazing.
2025-01-15 23:00:20.986 | INFO     | __main__:main:114 - I just found a story! It was amazing.
2025-01-15 23:00:23.988 | INFO     | __main__:main:114 - I just found a meme! It was boring.
2025-01-15 23:00:26.990 | INFO     | __main__:main:114 - I just found a movie! It was exciting.
2025-01-15 23:00:29.992 | INFO     | __main__:main:114 - I just tried an app! It was boring.
2025-01-15 23:00:32.995 | INFO     | __main__:main:114 - I just shared an app! It was boring.
2025-01-15 23:00:35.997 | INFO     | __main__:main:114 - I just found a movie! It was exciting.
2025-01-15 23:00:38.998 | INFO     | __main__:main:114 - I just tried a story! It was weird.
2025-01-15 23:00:41.999 | INFO     | __main__:main:114 - I just tried a story! It was amazing.
2025-01-15 23:00:45.001 | INFO     | __main__:main:114 - I just saw a movie! It was weird.
2025-01-15 23:00:48.003 | INFO     | __main__:main:114 - I just saw a movie! It was weird.
2025-01-15 23:00:51.005 | INFO     | __main__:main:114 - I just loved a trick! It was funny.
2025-01-15 23:00:54.006 | INFO     | __main__:main:114 - I just shared a trick! It was weird.
2025-01-15 23:00:57.007 | INFO     | __main__:main:114 - I just tried a story! It was boring.
2025-01-15 23:01:00.009 | INFO     | __main__:main:114 - I just found a story! It was funny.
2025-01-15 23:01:03.011 | INFO     | __main__:main:114 - I just saw a trick! It was exciting.
2025-01-15 23:01:06.012 | INFO     | __main__:main:114 - I just tried a movie! It was weird.
2025-01-15 23:01:09.014 | INFO     | __main__:main:114 - I just shared a trick! It was weird.
2025-01-15 23:01:12.015 | INFO     | __main__:main:114 - I just loved a meme! It was exciting.
2025-01-15 23:01:15.017 | INFO     | __main__:main:114 - I just found a meme! It was weird.
2025-01-15 23:01:18.019 | INFO     | __main__:main:114 - I just found a meme! It was weird.
2025-01-15 23:01:21.021 | INFO     | __main__:main:114 - I just tried a trick! It was funny.
2025-01-15 23:01:24.024 | INFO     | __main__:main:114 - I just saw a movie! It was amazing.
2025-01-15 23:01:27.025 | INFO     | __main__:main:114 - I just found a movie! It was boring.
2025-01-15 23:01:30.027 | INFO     | __main__:main:114 - I just loved a story! It was boring.
2025-01-15 23:01:33.029 | INFO     | __main__:main:114 - I just loved a story! It was boring.
2025-01-15 23:01:36.030 | INFO     | __main__:main:114 - I just shared a movie! It was weird.
2025-01-15 23:01:39.031 | INFO     | __main__:main:114 - I just saw a meme! It was boring.
2025-01-15 23:01:42.033 | INFO     | __main__:main:114 - I just loved an app! It was amazing.
2025-01-15 23:01:45.035 | INFO     | __main__:main:114 - I just found an app! It was funny.
2025-01-15 23:01:48.037 | INFO     | __main__:main:114 - I just shared a trick! It was exciting.
2025-01-15 23:01:51.038 | INFO     | __main__:main:114 - I just saw a story! It was boring.
2025-01-15 23:01:54.039 | INFO     | __main__:main:114 - I just shared an app! It was exciting.
2025-01-15 23:01:57.041 | INFO     | __main__:main:114 - I just tried a meme! It was exciting.
2025-01-15 23:02:00.042 | INFO     | __main__:main:114 - I just tried an app! It was funny.
2025-01-15 23:02:03.044 | INFO     | __main__:main:114 - I just loved a trick! It was exciting.
2025-01-15 23:02:06.046 | INFO     | __main__:main:114 - I just loved a trick! It was boring.
2025-01-15 23:02:09.047 | INFO     | __main__:main:114 - I just saw a meme! It was amazing.
2025-01-15 23:02:12.049 | INFO     | __main__:main:114 - I just shared a movie! It was weird.
2025-01-15 23:02:15.051 | INFO     | __main__:main:114 - I just loved a movie! It was boring.
2025-01-15 23:02:18.053 | INFO     | __main__:main:114 - I just saw a story! It was amazing.
2025-01-15 23:02:21.055 | INFO     | __main__:main:114 - I just saw a trick! It was weird.
2025-01-15 23:02:24.056 | INFO     | __main__:main:114 - I just saw a trick! It was weird.
2025-01-15 23:02:27.058 | INFO     | __main__:main:114 - I just found a trick! It was exciting.
2025-01-15 23:02:30.060 | INFO     | __main__:main:114 - I just loved a story! It was amazing.
2025-01-15 23:02:33.062 | INFO     | __main__:main:114 - I just shared a story! It was boring.
2025-01-15 23:02:36.063 | INFO     | __main__:main:114 - I just tried a story! It was boring.
2025-01-15 23:02:39.065 | INFO     | __main__:main:114 - I just shared a movie! It was boring.
2025-01-15 23:02:42.067 | INFO     | __main__:main:114 - I just shared a story! It was exciting.
2025-01-15 23:02:45.068 | INFO     | __main__:main:114 - I just saw a meme! It was amazing.
2025-01-15 23:02:48.070 | INFO     | __main__:main:114 - I just saw a story! It was exciting.
2025-01-15 23:02:51.072 | INFO     | __main__:main:114 - I just tried a movie! It was boring.
2025-01-15 23:02:54.073 | INFO     | __main__:main:114 - I just shared a movie! It was exciting.
2025-01-15 23:02:57.074 | INFO     | __main__:main:114 - I just found a story! It was boring.
2025-01-15 23:03:00.076 | INFO     | __main__:main:114 - I just tried a movie! It was funny.
2025-01-15 23:03:03.078 | INFO     | __main__:main:114 - I just shared a movie! It was exciting.
2025-01-15 23:03:06.079 | INFO     | __main__:main:114 - I just found a meme! It was funny.
2025-01-15 23:03:09.080 | INFO     | __main__:main:114 - I just tried a meme! It was exciting.
2025-01-15 23:03:12.082 | INFO     | __main__:main:114 - I just tried a trick! It was amazing.
2025-01-15 23:03:15.083 | INFO     | __main__:main:114 - I just shared a movie! It was weird.
2025-01-15 23:03:18.084 | INFO     | __main__:main:114 - I just shared a meme! It was funny.
2025-01-15 23:03:21.085 | INFO     | __main__:main:114 - I just tried a movie! It was amazing.
2025-01-15 23:03:24.089 | INFO     | __main__:main:114 - I just shared a movie! It was boring.
2025-01-15 23:03:27.090 | INFO     | __main__:main:114 - I just loved a meme! It was amazing.
2025-01-15 23:03:30.091 | INFO     | __main__:main:114 - I just shared a story! It was exciting.
2025-01-15 23:03:33.093 | INFO     | __main__:main:114 - I just saw a meme! It was amazing.
2025-01-15 23:03:36.095 | INFO     | __main__:main:114 - I just loved a movie! It was boring.
2025-01-15 23:03:39.097 | INFO     | __main__:main:114 - I just shared a trick! It was boring.
2025-01-15 23:03:42.099 | INFO     | __main__:main:114 - I just shared an app! It was weird.
2025-01-15 23:03:45.100 | INFO     | __main__:main:114 - I just saw a trick! It was exciting.
2025-01-15 23:03:48.102 | INFO     | __main__:main:114 - I just loved a trick! It was exciting.
2025-01-15 23:03:51.104 | INFO     | __main__:main:114 - I just tried a trick! It was funny.
2025-01-15 23:03:54.105 | INFO     | __main__:main:114 - I just shared an app! It was funny.
2025-01-15 23:03:57.107 | INFO     | __main__:main:114 - I just tried a meme! It was exciting.
2025-01-15 23:04:00.108 | INFO     | __main__:main:114 - I just tried a story! It was amazing.
2025-01-15 23:04:03.110 | INFO     | __main__:main:114 - I just loved an app! It was boring.
2025-01-15 23:04:06.112 | INFO     | __main__:main:114 - I just shared a movie! It was exciting.
2025-01-15 23:04:09.113 | INFO     | __main__:main:114 - I just found a movie! It was funny.
2025-01-15 23:04:12.115 | INFO     | __main__:main:114 - I just loved an app! It was boring.
2025-01-15 23:04:15.117 | INFO     | __main__:main:114 - I just shared a trick! It was funny.
2025-01-15 23:04:18.118 | INFO     | __main__:main:114 - I just loved a meme! It was amazing.
2025-01-15 23:04:21.119 | INFO     | __main__:main:114 - I just loved a trick! It was amazing.
2025-01-15 23:04:24.121 | INFO     | __main__:main:114 - I just shared an app! It was weird.
2025-01-15 23:04:27.123 | INFO     | __main__:main:114 - I just shared a trick! It was exciting.
2025-01-15 23:04:30.126 | INFO     | __main__:main:114 - I just saw an app! It was exciting.
2025-01-15 23:04:33.128 | INFO     | __main__:main:114 - I just shared an app! It was exciting.
2025-01-15 23:04:36.129 | INFO     | __main__:main:114 - I just loved a story! It was exciting.
2025-01-15 23:04:39.131 | INFO     | __main__:main:114 - I just found a movie! It was boring.
2025-01-15 23:04:42.133 | INFO     | __main__:main:114 - I just saw a story! It was boring.
2025-01-15 23:04:45.135 | INFO     | __main__:main:114 - I just found a trick! It was funny.
2025-01-15 23:04:48.136 | INFO     | __main__:main:114 - I just shared a meme! It was amazing.
2025-01-15 23:04:51.138 | INFO     | __main__:main:114 - I just tried a trick! It was boring.
2025-01-15 23:04:54.139 | INFO     | __main__:main:114 - I just saw a meme! It was boring.
2025-01-15 23:04:57.141 | INFO     | __main__:main:114 - I just tried a meme! It was amazing.
2025-01-15 23:05:00.142 | INFO     | __main__:main:114 - I just saw a story! It was amazing.
2025-01-15 23:05:03.144 | INFO     | __main__:main:114 - I just shared a story! It was exciting.
2025-01-15 23:05:06.145 | INFO     | __main__:main:114 - I just tried an app! It was exciting.
2025-01-15 23:05:09.146 | INFO     | __main__:main:114 - I just found a story! It was funny.
2025-01-15 23:05:12.148 | INFO     | __main__:main:114 - I just shared a story! It was funny.
2025-01-15 23:05:15.152 | INFO     | __main__:main:114 - I just found a movie! It was exciting.
2025-01-15 23:05:18.154 | INFO     | __main__:main:114 - I just tried a movie! It was exciting.
2025-01-15 23:05:21.156 | INFO     | __main__:main:114 - I just saw a meme! It was funny.
2025-01-15 23:05:24.158 | INFO     | __main__:main:114 - I just shared a story! It was amazing.
2025-01-15 23:05:27.159 | INFO     | __main__:main:114 - I just saw a movie! It was amazing.
2025-01-15 23:05:30.161 | INFO     | __main__:main:114 - I just tried a movie! It was amazing.
2025-01-15 23:05:33.163 | INFO     | __main__:main:114 - I just shared a trick! It was weird.
2025-01-16 23:24:04.880 | INFO     | utils.utils_logger:<module>:38 - Logging to file: logs\project_log.log
2025-01-16 23:24:04.882 | INFO     | __main__:main:106 - START producer...
2025-01-16 23:24:04.883 | INFO     | __main__:main:107 - Hit CTRL c (or CMD c) to close.
2025-01-16 23:24:04.884 | INFO     | __main__:get_message_interval:53 - Messages will be sent every 3 seconds.
2025-01-16 23:24:04.884 | INFO     | __main__:main:114 - I just found a movie! It was exciting.
2025-01-16 23:24:07.885 | INFO     | __main__:main:114 - I just found an app! It was weird.
2025-01-16 23:24:10.887 | INFO     | __main__:main:114 - I just loved a movie! It was amazing.
2025-01-16 23:24:13.889 | INFO     | __main__:main:114 - I just shared a trick! It was boring.
2025-01-16 23:24:16.891 | INFO     | __main__:main:114 - I just found a movie! It was boring.
2025-01-16 23:24:19.892 | INFO     | __main__:main:114 - I just saw a meme! It was weird.
2025-01-16 23:24:22.894 | INFO     | __main__:main:114 - I just loved an app! It was exciting.
2025-01-16 23:24:25.895 | INFO     | __main__:main:114 - I just found a trick! It was funny.
2025-01-16 23:24:28.897 | INFO     | __main__:main:114 - I just saw a trick! It was funny.
2025-01-16 23:24:31.899 | INFO     | __main__:main:114 - I just shared a movie! It was exciting.
2025-01-16 23:53:44.825 | INFO     | utils.utils_logger:<module>:38 - Logging to file: logs\project_log.log
2025-01-16 23:53:44.827 | INFO     | __main__:main:108 - START producer...
2025-01-16 23:53:44.827 | INFO     | __main__:main:109 - Hit CTRL c (or CMD c) to close.
2025-01-16 23:53:44.828 | INFO     | __main__:get_message_interval:55 - Messages will be sent every 3 seconds.
2025-01-16 23:53:44.829 | INFO     | __main__:main:116 - I just tried a meme! It was exciting.
2025-01-16 23:53:47.830 | INFO     | __main__:main:116 - I just tried a story! It was funny.
2025-01-16 23:53:50.832 | INFO     | __main__:main:116 - I just tried a meme! It was weird.
2025-01-16 23:53:53.833 | INFO     | __main__:main:116 - I just found an app! It was boring.
2025-01-16 23:53:56.836 | INFO     | __main__:main:116 - I just saw a meme! It was boring.
2025-01-16 23:53:59.838 | INFO     | __main__:main:116 - I just saw a story! It was exciting.
2025-01-16 23:54:02.840 | INFO     | __main__:main:116 - I just loved a movie! It was exciting.
2025-01-16 23:54:05.842 | INFO     | __main__:main:116 - I just loved a story! It was amazing.
2025-01-16 23:55:55.980 | INFO     | utils.utils_logger:<module>:38 - Logging to file: logs\project_log.log
2025-01-16 23:55:55.982 | INFO     | __main__:main:108 - START producer...
2025-01-16 23:55:55.983 | INFO     | __main__:main:109 - Hit CTRL c (or CMD c) to close.
2025-01-16 23:55:55.984 | INFO     | __main__:get_message_interval:55 - Messages will be sent every 3 seconds.
2025-01-16 23:55:55.984 | INFO     | __main__:main:116 - I just found a story! It was funny.
2025-01-16 23:55:58.985 | INFO     | __main__:main:116 - I just loved a meme! It was amazing.
2025-01-16 23:56:01.987 | INFO     | __main__:main:116 - I just found a movie! It was funny.
2025-01-16 23:56:04.989 | INFO     | __main__:main:116 - I just loved a story! It was weird.
2025-01-16 23:56:07.990 | INFO     | __main__:main:116 - I just loved a meme! It was weird.
2025-01-16 23:56:10.992 | INFO     | __main__:main:116 - I just shared a story! It was weird.
2025-01-16 23:56:13.994 | INFO     | __main__:main:116 - I just tried an app! It was funny.
2025-01-16 23:56:16.995 | INFO     | __main__:main:116 - I just found a movie! It was amazing.
2025-01-16 23:56:19.997 | INFO     | __main__:main:116 - I just shared a trick! It was funny.
2025-01-16 23:56:22.999 | INFO     | __main__:main:116 - I just tried a story! It was exciting.
2025-01-16 23:56:26.000 | INFO     | __main__:main:116 - I just shared a trick! It was boring.
2025-01-16 23:56:55.035 | INFO     | utils.utils_logger:<module>:38 - Logging to file: logs\project_log.log
2025-01-16 23:56:55.038 | INFO     | __main__:main:108 - START producer...
2025-01-16 23:56:55.038 | INFO     | __main__:main:109 - Hit CTRL c (or CMD c) to close.
2025-01-16 23:56:55.038 | INFO     | __main__:get_message_interval:55 - Messages will be sent every 3 seconds.
2025-01-16 23:56:55.039 | INFO     | __main__:main:116 - I just found a series! It was funny.
2025-01-16 23:56:58.040 | INFO     | __main__:main:116 - I just shared a trick! It was funny.
2025-01-16 23:57:01.041 | INFO     | __main__:main:116 - I just shared a series! It was exciting.
2025-01-16 23:57:04.043 | INFO     | __main__:main:116 - I just tried a comedy! It was funny.
2025-01-16 23:57:07.045 | INFO     | __main__:main:116 - I just tried an app! It was boring.
2025-01-16 23:57:10.047 | INFO     | __main__:main:116 - I just saw an app! It was weird.
2025-01-16 23:57:13.049 | INFO     | __main__:main:116 - I just tried a series! It was boring.
2025-01-16 23:57:16.051 | INFO     | __main__:main:116 - I just shared a story! It was amazing.
2025-01-16 23:57:19.052 | INFO     | __main__:main:116 - I just tried a comedy! It was weird.
2025-01-16 23:57:22.054 | INFO     | __main__:main:116 - I just saw a comedy! It was exciting.
2025-01-17 15:36:51.996 | INFO     | utils.utils_logger:<module>:38 - Logging to file: logs\project_log.log
2025-01-17 15:36:51.997 | INFO     | __main__:main:68 - START...
2025-01-17 15:36:51.998 | INFO     | __main__:main:74 - Reading file located at logs\project_log.log.
2025-01-17 16:41:58.748 | INFO     | __main__:main:85 - END.....
2025-01-17 16:46:04.372 | INFO     | utils.utils_logger:<module>:38 - Logging to file: logs\project_log.log
2025-01-17 16:46:04.388 | INFO     | __main__:main:104 - START producer...
2025-01-17 16:46:04.389 | INFO     | __main__:main:105 - Hit CTRL c (or CMD c) to close.
2025-01-17 16:46:04.389 | INFO     | __main__:get_message_interval:53 - Messages will be sent every 3 seconds.
2025-01-17 16:46:04.390 | INFO     | __main__:main:112 - Priyanka just found an app! It was funny.
2025-01-17 16:46:07.391 | INFO     | __main__:main:112 - Priyanka just tried a trick! It was boring.
2025-01-17 16:46:10.392 | INFO     | __main__:main:112 - Priyanka just tried a movie! It was exciting.
2025-01-17 16:46:13.394 | INFO     | __main__:main:112 - Priyanka just saw an app! It was amazing.
2025-01-17 16:46:16.395 | INFO     | __main__:main:112 - Priyanka just found an app! It was amazing.
2025-01-17 16:46:19.397 | INFO     | __main__:main:112 - Priyanka just shared a meme! It was weird.
2025-01-17 16:46:22.398 | INFO     | __main__:main:112 - Priyanka just found an app! It was weird.
2025-01-17 16:46:25.399 | INFO     | __main__:main:112 - Priyanka just found a movie! It was weird.
2025-01-17 16:46:28.401 | INFO     | __main__:main:112 - Priyanka just tried a story! It was funny.
2025-01-17 16:46:31.403 | INFO     | __main__:main:112 - Priyanka just tried a meme! It was weird.
2025-01-17 16:46:34.403 | INFO     | __main__:main:112 - Priyanka just tried a story! It was exciting.
2025-01-17 16:46:37.405 | INFO     | __main__:main:112 - Priyanka just tried a movie! It was weird.
2025-01-17 16:46:40.406 | INFO     | __main__:main:112 - Priyanka just tried a movie! It was exciting.
2025-01-17 16:54:22.391 | INFO     | utils.utils_logger:<module>:38 - Logging to file: logs\project_log.log
2025-01-17 16:54:22.392 | INFO     | __main__:main:65 - START...
2025-01-17 16:54:22.392 | INFO     | __main__:main:71 - Reading buzz messages from file located at logs\project_log.log.
2025-01-17 16:56:13.955 | INFO     | __main__:main:82 - END.....
2025-01-17 16:58:19.459 | INFO     | utils.utils_logger:<module>:38 - Logging to file: logs\project_log.log
2025-01-17 16:58:19.460 | INFO     | __main__:main:104 - START producer...
2025-01-17 16:58:19.460 | INFO     | __main__:main:105 - Hit CTRL c (or CMD c) to close.
2025-01-17 16:58:19.461 | INFO     | __main__:get_message_interval:53 - Messages will be sent every 3 seconds.
2025-01-17 16:58:19.461 | INFO     | __main__:main:112 - Priyanka just shared a story! It was boring.
2025-01-17 16:58:22.463 | INFO     | __main__:main:112 - Priyanka just found a story! It was amazing.
2025-01-17 16:58:25.464 | INFO     | __main__:main:112 - Priyanka just found a story! It was amazing.
2025-01-17 16:58:28.465 | INFO     | __main__:main:112 - Priyanka just found a meme! It was boring.
2025-01-17 16:58:31.467 | INFO     | __main__:main:112 - Priyanka just loved a meme! It was funny.
2025-01-17 16:58:34.469 | INFO     | __main__:main:112 - Priyanka just saw a trick! It was exciting.
2025-01-17 16:58:37.471 | INFO     | __main__:main:112 - Priyanka just saw an app! It was weird.
2025-01-17 16:58:40.472 | INFO     | __main__:main:112 - Priyanka just shared a story! It was weird.
2025-01-17 16:58:43.474 | INFO     | __main__:main:112 - Priyanka just saw a trick! It was weird.
2025-01-17 16:58:46.476 | INFO     | __main__:main:112 - Priyanka just shared a movie! It was exciting.
2025-01-17 16:58:49.476 | INFO     | __main__:main:112 - Priyanka just found a trick! It was exciting.
2025-01-17 16:58:52.478 | INFO     | __main__:main:112 - Priyanka just loved a story! It was amazing.
